c:\hada\hada2\src\lidar\lidar\x64\debug\vc143.pdb
c:\hada\hada2\src\lidar\lidar\x64\debug\vc143.idb
c:\hada\hada2\src\lidar\lidar\x64\debug\writedata.obj
c:\hada\hada2\src\lidar\lidar\x64\debug\sharedmem.obj
c:\hada\hada2\src\lidar\lidar\x64\debug\readdata.obj
c:\hada\hada2\src\lidar\lidar\x64\debug\memwrite.obj
c:\hada\hada2\src\lidar\lidar\x64\debug\manage.obj
c:\hada\hada2\src\lidar\lidar\x64\debug\main.obj
c:\hada\hada2\src\lidar\lidar\x64\debug\laserinterface.obj
c:\hada\hada2\src\lidar\lidar\x64\debug\initialize.obj
c:\hada\hada2\src\lidar\lidar\x64\debug\function.obj
c:\hada\hada2\src\lidar\lidar\x64\debug\consoledesign.obj
c:\hada\hada2\src\lidar\x64\debug\lidar.exe
c:\hada\hada2\src\lidar\lidar\x64\debug\lidar.ilk
c:\hada\hada2\src\lidar\x64\debug\lidar.pdb
c:\hada\hada2\src\lidar\lidar\x64\debug\lidar.tlog\cl.command.1.tlog
c:\hada\hada2\src\lidar\lidar\x64\debug\lidar.tlog\cl.read.1.tlog
c:\hada\hada2\src\lidar\lidar\x64\debug\lidar.tlog\cl.write.1.tlog
c:\hada\hada2\src\lidar\lidar\x64\debug\lidar.tlog\link.command.1.tlog
c:\hada\hada2\src\lidar\lidar\x64\debug\lidar.tlog\link.read.1.tlog
c:\hada\hada2\src\lidar\lidar\x64\debug\lidar.tlog\link.write.1.tlog
